Arguments: 
  /usr/bin/node /usr/bin/yarn dist

PATH: 
  /usr/local/bin:/usr/local/sbin:/usr/bin:/var/lib/snapd/snap/bin:/usr/lib/jvm/default/bin:/usr/bin/site_perl:/usr/bin/vendor_perl:/usr/bin/core_perl

Yarn version: 
  1.3.2

Node version: 
  9.4.0

Platform: 
  linux x64

npm manifest: 
  {
    "name": "Module_Generator",
    "version": "0.0.1",
    "license": "MIT",
    "description": "your app description",
    "author": "jackle",
    "main": "dbg.js",
    "scripts": {
      "postinstall": "install-app-deps",
      "start": "npm install && electron ./app",
      "pack": "build --dir",
      "dist": "build"
    },
    "build": {
      "appId": "1288479536c6",
      "category": "generator",
  
      "linux": {
        "target": [
          "AppImage",
          "deb"
        ]
      },
    },
    "dependencies": {
      "jquery": "^3.2.1",
      "nedb": "^1.8.0"
    }
    "devDependencies": {
      "electron": "latest",
      "electron-builder": "latest"
    }
  }

yarn manifest: 
  No manifest

Lockfile: 
  No lockfile

Trace: 
  SyntaxError: /home/jackle/workspace/DBG/package.json: Unexpected token } in JSON at position 465
      at JSON.parse (<anonymous>)
      at /usr/lib/node_modules/yarn/lib/cli.js:770:59
      at Generator.next (<anonymous>)
      at step (/usr/lib/node_modules/yarn/lib/cli.js:92:30)
      at /usr/lib/node_modules/yarn/lib/cli.js:103:13
      at <anonymous>
